# JRE version: Java(TM) SE Runtime Environment (17.0.3.1+2) (build 17.0.3.1+2-LTS-6)
# Java VM: Java HotSpot(TM) 64-Bit Server VM (17.0.3.1+2-LTS-6, mixed mode, sharing, tiered, compressed oops, compressed class ptrs, g1 gc, windows-amd64)
GC Precious Log:
 CPUs: 8 total, 8 available
 Memory: 8103M
 Large Page Support: Disabled
 NUMA Support: Disabled
 Compressed Oops: Enabled (32-bit)
 Heap Region Size: 1M
 Heap Min Capacity: 8M
 Heap Initial Capacity: 128M
 Heap Max Capacity: 2G
 Pre-touch: Disabled
 Parallel Workers: 8
 Concurrent Workers: 2
 Concurrent Refinement Workers: 8
 Periodic GC: Disabled
Heap:
 garbage-first heap   total 81920K, used 32521K [0x0000000080000000, 0x0000000100000000)
  region size 1024K, 13 young (13312K), 5 survivors (5120K)
 Metaspace       used 30262K, committed 30592K, reserved 454656K
  class space    used 4344K, committed 4480K, reserved 421888K
GC Heap History (10 events):
Event: 2.674 GC heap before
{Heap before GC invocations=0 (full 0):
 garbage-first heap   total 131072K, used 26624K [0x0000000080000000, 0x0000000100000000)
  region size 1024K, 23 young (23552K), 0 survivors (0K)
 Metaspace       used 3078K, committed 3200K, reserved 430080K
  class space    used 394K, committed 448K, reserved 421888K
}
Event: 2.722 GC heap after
{Heap after GC invocations=1 (full 0):
 garbage-first heap   total 131072K, used 10624K [0x0000000080000000, 0x0000000100000000)
  region size 1024K, 3 young (3072K), 3 survivors (3072K)
 Metaspace       used 3078K, committed 3200K, reserved 430080K
  class space    used 394K, committed 448K, reserved 421888K
}
Event: 4.327 GC heap before
{Heap before GC invocations=1 (full 0):
 garbage-first heap   total 131072K, used 39296K [0x0000000080000000, 0x0000000100000000)
  region size 1024K, 30 young (30720K), 3 survivors (3072K)
 Metaspace       used 4026K, committed 4224K, reserved 430080K
  class space    used 491K, committed 576K, reserved 421888K
}
Event: 4.335 GC heap after
{Heap after GC invocations=2 (full 0):
 garbage-first heap   total 131072K, used 12347K [0x0000000080000000, 0x0000000100000000)
  region size 1024K, 2 young (2048K), 2 survivors (2048K)
 Metaspace       used 4026K, committed 4224K, reserved 430080K
  class space    used 491K, committed 576K, reserved 421888K
}
Event: 14.388 GC heap before
{Heap before GC invocations=2 (full 0):
 garbage-first heap   total 131072K, used 88123K [0x0000000080000000, 0x0000000100000000)
  region size 1024K, 76 young (77824K), 2 survivors (2048K)
 Metaspace       used 16315K, committed 16640K, reserved 438272K
  class space    used 2361K, committed 2560K, reserved 421888K
}
Event: 14.445 GC heap after
{Heap after GC invocations=3 (full 0):
 garbage-first heap   total 131072K, used 21043K [0x0000000080000000, 0x0000000100000000)
  region size 1024K, 10 young (10240K), 10 survivors (10240K)
 Metaspace       used 16315K, committed 16640K, reserved 438272K
  class space    used 2361K, committed 2560K, reserved 421888K
}
Event: 20.219 GC heap before
{Heap before GC invocations=3 (full 0):
 garbage-first heap   total 131072K, used 58931K [0x0000000080000000, 0x0000000100000000)
  region size 1024K, 48 young (49152K), 10 survivors (10240K)
 Metaspace       used 21191K, committed 21504K, reserved 446464K
  class space    used 3138K, committed 3328K, reserved 421888K
}
Event: 20.233 GC heap after
{Heap after GC invocations=4 (full 0):
 garbage-first heap   total 131072K, used 22804K [0x0000000080000000, 0x0000000100000000)
  region size 1024K, 3 young (3072K), 3 survivors (3072K)
 Metaspace       used 21191K, committed 21504K, reserved 446464K
  class space    used 3138K, committed 3328K, reserved 421888K
}
Event: 24.079 GC heap before
{Heap before GC invocations=5 (full 0):
 garbage-first heap   total 81920K, used 68884K [0x0000000080000000, 0x0000000100000000)
  region size 1024K, 48 young (49152K), 3 survivors (3072K)
 Metaspace       used 27923K, committed 28288K, reserved 446464K
  class space    used 4077K, committed 4288K, reserved 421888K
}
Event: 24.088 GC heap after
{Heap after GC invocations=6 (full 0):
 garbage-first heap   total 81920K, used 25353K [0x0000000080000000, 0x0000000100000000)
  region size 1024K, 5 young (5120K), 5 survivors (5120K)
 Metaspace       used 27923K, committed 28288K, reserved 446464K
  class space    used 4077K, committed 4288K, reserved 421888K
}

