# JRE version: Java(TM) SE Runtime Environment (17.0.3.1+2) (build 17.0.3.1+2-LTS-6)
# Java VM: Java HotSpot(TM) 64-Bit Server VM (17.0.3.1+2-LTS-6, mixed mode, sharing, tiered, compressed oops, compressed class ptrs, g1 gc, windows-amd64)
GC Precious Log:
 CPUs: 8 total, 8 available
 Memory: 8103M
 Large Page Support: Disabled
 NUMA Support: Disabled
 Compressed Oops: Enabled (32-bit)
 Heap Region Size: 1M
 Heap Min Capacity: 8M
 Heap Initial Capacity: 128M
 Heap Max Capacity: 2G
 Pre-touch: Disabled
 Parallel Workers: 8
 Concurrent Workers: 2
 Concurrent Refinement Workers: 8
 Periodic GC: Disabled
Heap:
 garbage-first heap   total 114688K, used 68623K [0x0000000080000000, 0x0000000100000000)
  region size 1024K, 8 young (8192K), 1 survivors (1024K)
 Metaspace       used 61815K, committed 62528K, reserved 479232K
  class space    used 8749K, committed 9088K, reserved 421888K
GC Heap History (20 events):
Event: 37.576 GC heap before
{Heap before GC invocations=13 (full 0):
 garbage-first heap   total 86016K, used 54067K [0x0000000080000000, 0x0000000100000000)
  region size 1024K, 17 young (17408K), 4 survivors (4096K)
 Metaspace       used 46693K, committed 47296K, reserved 471040K
  class space    used 6582K, committed 6848K, reserved 421888K
}
Event: 37.582 GC heap after
{Heap after GC invocations=14 (full 0):
 garbage-first heap   total 86016K, used 44006K [0x0000000080000000, 0x0000000100000000)
  region size 1024K, 5 young (5120K), 5 survivors (5120K)
 Metaspace       used 46693K, committed 47296K, reserved 471040K
  class space    used 6582K, committed 6848K, reserved 421888K
}
Event: 38.632 GC heap before
{Heap before GC invocations=15 (full 0):
 garbage-first heap   total 86016K, used 71654K [0x0000000080000000, 0x0000000100000000)
  region size 1024K, 28 young (28672K), 5 survivors (5120K)
 Metaspace       used 49391K, committed 49984K, reserved 471040K
  class space    used 6926K, committed 7232K, reserved 421888K
}
Event: 38.638 GC heap after
{Heap after GC invocations=16 (full 0):
 garbage-first heap   total 86016K, used 50489K [0x0000000080000000, 0x0000000100000000)
  region size 1024K, 3 young (3072K), 3 survivors (3072K)
 Metaspace       used 49391K, committed 49984K, reserved 471040K
  class space    used 6926K, committed 7232K, reserved 421888K
}
Event: 39.194 GC heap before
{Heap before GC invocations=16 (full 0):
 garbage-first heap   total 86016K, used 69945K [0x0000000080000000, 0x0000000100000000)
  region size 1024K, 22 young (22528K), 3 survivors (3072K)
 Metaspace       used 51226K, committed 51904K, reserved 471040K
  class space    used 7231K, committed 7552K, reserved 421888K
}
Event: 39.198 GC heap after
{Heap after GC invocations=17 (full 0):
 garbage-first heap   total 86016K, used 51488K [0x0000000080000000, 0x0000000100000000)
  region size 1024K, 2 young (2048K), 2 survivors (2048K)
 Metaspace       used 51226K, committed 51904K, reserved 471040K
  class space    used 7231K, committed 7552K, reserved 421888K
}
Event: 39.513 GC heap before
{Heap before GC invocations=18 (full 0):
 garbage-first heap   total 92160K, used 59680K [0x0000000080000000, 0x0000000100000000)
  region size 1024K, 11 young (11264K), 2 survivors (2048K)
 Metaspace       used 52011K, committed 52608K, reserved 471040K
  class space    used 7371K, committed 7680K, reserved 421888K
}
Event: 39.517 GC heap after
{Heap after GC invocations=19 (full 0):
 garbage-first heap   total 92160K, used 51745K [0x0000000080000000, 0x0000000100000000)
  region size 1024K, 2 young (2048K), 2 survivors (2048K)
 Metaspace       used 52011K, committed 52608K, reserved 471040K
  class space    used 7371K, committed 7680K, reserved 421888K
}
Event: 40.465 GC heap before
{Heap before GC invocations=20 (full 0):
 garbage-first heap   total 101376K, used 78369K [0x0000000080000000, 0x0000000100000000)
  region size 1024K, 24 young (24576K), 2 survivors (2048K)
 Metaspace       used 53626K, committed 54272K, reserved 471040K
  class space    used 7576K, committed 7872K, reserved 421888K
}
Event: 40.469 GC heap after
{Heap after GC invocations=21 (full 0):
 garbage-first heap   total 101376K, used 56778K [0x0000000080000000, 0x0000000100000000)
  region size 1024K, 3 young (3072K), 3 survivors (3072K)
 Metaspace       used 53626K, committed 54272K, reserved 471040K
  class space    used 7576K, committed 7872K, reserved 421888K
}
Event: 41.215 GC heap before
{Heap before GC invocations=21 (full 0):
 garbage-first heap   total 101376K, used 81354K [0x0000000080000000, 0x0000000100000000)
  region size 1024K, 28 young (28672K), 3 survivors (3072K)
 Metaspace       used 55750K, committed 56384K, reserved 471040K
  class space    used 7885K, committed 8192K, reserved 421888K
}
Event: 41.220 GC heap after
{Heap after GC invocations=22 (full 0):
 garbage-first heap   total 101376K, used 58060K [0x0000000080000000, 0x0000000100000000)
  region size 1024K, 3 young (3072K), 3 survivors (3072K)
 Metaspace       used 55750K, committed 56384K, reserved 471040K
  class space    used 7885K, committed 8192K, reserved 421888K
}
Event: 42.217 GC heap before
{Heap before GC invocations=23 (full 0):
 garbage-first heap   total 102400K, used 82636K [0x0000000080000000, 0x0000000100000000)
  region size 1024K, 28 young (28672K), 3 survivors (3072K)
 Metaspace       used 58514K, committed 59200K, reserved 479232K
  class space    used 8236K, committed 8576K, reserved 421888K
}
Event: 42.224 GC heap after
{Heap after GC invocations=24 (full 0):
 garbage-first heap   total 102400K, used 59391K [0x0000000080000000, 0x0000000100000000)
  region size 1024K, 3 young (3072K), 3 survivors (3072K)
 Metaspace       used 58514K, committed 59200K, reserved 479232K
  class space    used 8236K, committed 8576K, reserved 421888K
}
Event: 44.382 GC heap before
{Heap before GC invocations=24 (full 0):
 garbage-first heap   total 102400K, used 83967K [0x0000000080000000, 0x0000000100000000)
  region size 1024K, 27 young (27648K), 3 survivors (3072K)
 Metaspace       used 60046K, committed 60672K, reserved 479232K
  class space    used 8466K, committed 8768K, reserved 421888K
}
Event: 44.391 GC heap after
{Heap after GC invocations=25 (full 0):
 garbage-first heap   total 102400K, used 60978K [0x0000000080000000, 0x0000000100000000)
  region size 1024K, 4 young (4096K), 4 survivors (4096K)
 Metaspace       used 60046K, committed 60672K, reserved 479232K
  class space    used 8466K, committed 8768K, reserved 421888K
}
Event: 45.503 GC heap before
{Heap before GC invocations=26 (full 0):
 garbage-first heap   total 114688K, used 82482K [0x0000000080000000, 0x0000000100000000)
  region size 1024K, 25 young (25600K), 4 survivors (4096K)
 Metaspace       used 61079K, committed 61760K, reserved 479232K
  class space    used 8624K, committed 8960K, reserved 421888K
}
Event: 45.508 GC heap after
{Heap after GC invocations=27 (full 0):
 garbage-first heap   total 114688K, used 62172K [0x0000000080000000, 0x0000000100000000)
  region size 1024K, 3 young (3072K), 3 survivors (3072K)
 Metaspace       used 61079K, committed 61760K, reserved 479232K
  class space    used 8624K, committed 8960K, reserved 421888K
}
Event: 45.586 GC heap before
{Heap before GC invocations=27 (full 0):
 garbage-first heap   total 114688K, used 64220K [0x0000000080000000, 0x0000000100000000)
  region size 1024K, 5 young (5120K), 3 survivors (3072K)
 Metaspace       used 61210K, committed 61888K, reserved 479232K
  class space    used 8645K, committed 8960K, reserved 421888K
}
Event: 45.591 GC heap after
{Heap after GC invocations=28 (full 0):
 garbage-first heap   total 114688K, used 62479K [0x0000000080000000, 0x0000000100000000)
  region size 1024K, 1 young (1024K), 1 survivors (1024K)
 Metaspace       used 61210K, committed 61888K, reserved 479232K
  class space    used 8645K, committed 8960K, reserved 421888K
}

